Arguments: 
  C:\Program Files\nodejs\node.exe C:\Users\Nilesh Gupta\AppData\Roaming\npm\node_modules\yarn\bin\yarn.js link react

PATH: 
  C:\WINDOWS\system32;C:\WINDOWS;C:\WINDOWS\System32\Wbem;C:\WINDOWS\System32\WindowsPowerShell\v1.0\;C:\WINDOWS\System32\OpenSSH\;E:\Git\cmd;C:\Program Files (x86)\Intel\Intel(R) Management Engine Components\DAL;C:\Program Files\Intel\Intel(R) Management Engine Components\DAL;C:\Program Files\Docker\Docker\resources\bin;C:\ProgramData\DockerDesktop\version-bin;C:\Program Files\Cloudflare\Cloudflare WARP;C:\Program Files\Cloudflare\Cloudflare WARP\;C:\Users\Nilesh Gupta\AppData\Roaming\nvm;C:\Program Files\nodejs;C:\Program Files\dotnet\;C:\Users\Nilesh Gupta\AppData\Local\Programs\Python\Python37\Scripts\;C:\Users\Nilesh Gupta\AppData\Local\Programs\Python\Python37\;E:\MinGW\bin;C:\Program Files\Java\jdk-12.0.1\bin;C:\Users\Nilesh Gupta\AppData\Local\Microsoft\WindowsApps;C:\Modeltech_pe_edu_10.4a\win32pe_edu;C:\Users\Nilesh Gupta\AppData\Local\GitHubDesktop\bin;C:\Program Files\heroku\bin;C:\Users\Nilesh Gupta\AppData\Roaming\npm;C:\Users\Nilesh Gupta\AppData\Roaming\nvm;C:\Program Files\nodejs;E:\Programs\Microsoft VS Code\bin

Yarn version: 
  1.22.17

Node version: 
  14.17.5

Platform: 
  win32 x64

Trace: 
  Error: EBUSY: resource busy or locked, rmdir 'D:\#Blockchain Stuff\Projects\template-react-component-library\node_modules\react'

npm manifest: 
  {
    "name": "widget-learn-beginner",
    "version": "0.1.0",
    "description": "A simple template for a custom React component library",
    "scripts": {
      "rollup": "rollup -c",
      "start": "rollup -c -w",
      "test": "jest"
    },
    "author": "hello",
    "license": "ISC",
    "devDependencies": {
      "@babel/core": "^7.16.0",
      "@babel/preset-env": "^7.16.4",
      "@babel/preset-react": "^7.16.0",
      "@babel/preset-typescript": "^7.16.0",
      "@rollup/plugin-commonjs": "^21.0.1",
      "@rollup/plugin-node-resolve": "^13.0.6",
      "@rollup/plugin-typescript": "^8.3.0",
      "@testing-library/react": "^12.1.2",
      "@types/jest": "^27.0.2",
      "@types/react": "^17.0.34",
      "babel-jest": "^27.3.1",
      "babel-loader": "^8.2.3",
      "css-loader": "^6.5.1",
      "html-webpack-plugin": "^5.5.0",
      "identity-obj-proxy": "^3.0.0",
      "jest": "^27.3.1",
      "react-dom": ">16.0.0",
      "rollup": "^2.60.0",
      "rollup-plugin-dts": "^4.0.1",
      "rollup-plugin-postcss": "^4.0.1",
      "sass": "^1.43.5",
      "sass-loader": "^12.3.0",
      "style-loader": "^3.3.1",
      "typescript": "^4.4.4"
    },
    "main": "dist/cjs/index.js",
    "module": "dist/esm/index.js",
    "files": [
      "dist"
    ],
    "types": "dist/index.d.ts",
    "peerDependencies": {
      "react-dom": ">16.0.0"
    },
    "dependencies": {
      "axios": "^0.27.2",
      "react-query": "^3.38.1"
    }
  }

yarn manifest: 
  No manifest

Lockfile: 
  No lockfile
